Using pre-set license
Built from '2020.3/staging' branch; Version is '2020.3.30f1 (1fb1bf06830e) revision 2077119'; Using compiler version '192528614'; Build Type 'Release'
OS: 'Windows 10  (10.0.19043) 64bit Core' Language: 'pl' Physical Memory: 8034 MB
BatchMode: 1, IsHumanControllingUs: 0, StartBugReporterOnCrash: 0, Is64bit: 1, IsPro: 0

COMMAND LINE ARGUMENTS:
D:\Unity\2020.3.30f1\Editor\Unity.exe
-adb2
-batchMode
-noUpm
-name
AssetImportWorker0
-projectPath
D:/Unity/2020.3.30f1/Projects/Lab7
-logFile
Logs/AssetImportWorker0.log
-srvPort
59454
Successfully changed project path to: D:/Unity/2020.3.30f1/Projects/Lab7
D:/Unity/2020.3.30f1/Projects/Lab7
Using Asset Import Pipeline V2.
Refreshing native plugins compatible for Editor in 30.99 ms, found 2 plugins.
Preloading 0 native plugins for Editor in 0.00 ms.
Initialize engine version: 2020.3.30f1 (1fb1bf06830e)
[Subsystems] Discovering subsystems at path D:/Unity/2020.3.30f1/Editor/Data/Resources/UnitySubsystems
[Subsystems] Discovering subsystems at path D:/Unity/2020.3.30f1/Projects/Lab7/Assets
GfxDevice: creating device client; threaded=0
Direct3D:
    Version:  Direct3D 11.0 [level 11.1]
    Renderer: NVIDIA GeForce GTX 1050 Ti (ID=0x1c8c)
    Vendor:   
    VRAM:     4018 MB
    Driver:   30.0.15.1277
Initialize mono
Mono path[0] = 'D:/Unity/2020.3.30f1/Editor/Data/Managed'
Mono path[1] = 'D:/Unity/2020.3.30f1/Editor/Data/MonoBleedingEdge/lib/mono/unityjit'
Mono config path = 'D:/Unity/2020.3.30f1/Editor/Data/MonoBleedingEdge/etc'
Using monoOptions --debugger-agent=transport=dt_socket,embedding=1,server=y,suspend=n,address=127.0.0.1:56448
Begin MonoManager ReloadAssembly
Registering precompiled unity dll's ...
Register platform support module: D:/Unity/2020.3.30f1/Editor/Data/PlaybackEngines/WebGLSupport/UnityEditor.WebGL.Extensions.dll
Register platform support module: D:/Unity/2020.3.30f1/Editor/Data/PlaybackEngines/WindowsStandaloneSupport/UnityEditor.WindowsStandalone.Extensions.dll
Registered in 0.001277 seconds.
Native extension for WindowsStandalone target not found
Native extension for WebGL target not found
Refreshing native plugins compatible for Editor in 30.48 ms, found 2 plugins.
Preloading 0 native plugins for Editor in 0.00 ms.
Mono: successfully reloaded assembly
- Completed reload, in  0.571 seconds
Domain Reload Profiling:
	ReloadAssembly (571ms)
		BeginReloadAssembly (74ms)
			ExecutionOrderSort (0ms)
			DisableScriptedObjects (0ms)
			BackupInstance (0ms)
			ReleaseScriptingObjects (0ms)
			CreateAndSetChildDomain (1ms)
		EndReloadAssembly (421ms)
			LoadAssemblies (72ms)
			RebuildTransferFunctionScriptingTraits (0ms)
			SetupTypeCache (143ms)
			ReleaseScriptCaches (0ms)
			RebuildScriptCaches (30ms)
			SetupLoadedEditorAssemblies (156ms)
				LogAssemblyErrors (0ms)
				InitializePlatformSupportModulesInManaged (7ms)
				SetLoadedEditorAssemblies (0ms)
				RefreshPlugins (31ms)
				BeforeProcessingInitializeOnLoad (11ms)
				ProcessInitializeOnLoadAttributes (79ms)
				ProcessInitializeOnLoadMethodAttributes (28ms)
				AfterProcessingInitializeOnLoad (0ms)
				EditorAssembliesLoaded (0ms)
			ExecutionOrderSort2 (0ms)
			AwakeInstancesAfterBackupRestoration (0ms)
Platform modules already initialized, skipping
Registering precompiled user dll's ...
Registered in 0.002190 seconds.
Begin MonoManager ReloadAssembly
Native extension for WindowsStandalone target not found
Native extension for WebGL target not found
Refreshing native plugins compatible for Editor in 0.33 ms, found 2 plugins.
Preloading 0 native plugins for Editor in 0.00 ms.
Mono: successfully reloaded assembly
- Completed reload, in  0.914 seconds
Domain Reload Profiling:
	ReloadAssembly (915ms)
		BeginReloadAssembly (149ms)
			ExecutionOrderSort (0ms)
			DisableScriptedObjects (5ms)
			BackupInstance (0ms)
			ReleaseScriptingObjects (0ms)
			CreateAndSetChildDomain (18ms)
		EndReloadAssembly (714ms)
			LoadAssemblies (90ms)
			RebuildTransferFunctionScriptingTraits (0ms)
			SetupTypeCache (247ms)
			ReleaseScriptCaches (0ms)
			RebuildScriptCaches (39ms)
			SetupLoadedEditorAssemblies (262ms)
				LogAssemblyErrors (0ms)
				InitializePlatformSupportModulesInManaged (5ms)
				SetLoadedEditorAssemblies (0ms)
				RefreshPlugins (0ms)
				BeforeProcessingInitializeOnLoad (47ms)
				ProcessInitializeOnLoadAttributes (197ms)
				ProcessInitializeOnLoadMethodAttributes (10ms)
				AfterProcessingInitializeOnLoad (2ms)
				EditorAssembliesLoaded (0ms)
			ExecutionOrderSort2 (0ms)
			AwakeInstancesAfterBackupRestoration (7ms)
Platform modules already initialized, skipping
========================================================================
Worker process is ready to serve import requests
Launched and connected shader compiler UnityShaderCompiler.exe after 0.11 seconds
Refreshing native plugins compatible for Editor in 0.32 ms, found 2 plugins.
Preloading 0 native plugins for Editor in 0.00 ms.
Unloading 1502 Unused Serialized files (Serialized files now loaded: 0)
System memory in use before: 108.7 MB.
System memory in use after: 108.8 MB.

Unloading 16 unused Assets to reduce memory usage. Loaded Objects now: 1961.
Total: 2.722600 ms (FindLiveObjects: 0.126500 ms CreateObjectMapping: 0.043300 ms MarkObjects: 2.492700 ms  DeleteObjects: 0.059500 ms)

AssetImportParameters requested are different than current active one (requested -> active):
  custom:framework-win-MediaFoundation: 216162199b28c13a410421893ffa2e32 -> 
  custom:video-decoder-ogg-theora: a1e56fd34408186e4bbccfd4996cb3dc -> 
  custom:container-muxer-webm: aa71ff27fc2769a1b78a27578f13a17b -> 
  custom:container-demuxer-webm: 4f35f7cbe854078d1ac9338744f61a02 -> 
  custom:container-demuxer-ogg: 62fdf1f143b41e24485cea50d1cbac27 -> 
  custom:video-encoder-webm-vp8: eb34c28f22e8b96e1ab97ce403110664 -> 
  custom:video-decoder-webm-vp8: 9c59270c3fd7afecdb556c50c9e8de78 -> 
  custom:audio-decoder-ogg-vorbis: bf7c407c2cedff20999df2af8eb42d56 -> 
  custom:audio-encoder-webm-vorbis: bf7c407c2cedff20999df2af8eb42d56 -> 
========================================================================
Received Import Request.
  path: Assets/Materials/Wood.mat
  artifactKey: Guid(81daca5698481734f94a01d9643e5036) Importer(815301076,1909f56bfc062723c751e8b465ee728b)
Start importing Assets/Materials/Wood.mat using Guid(81daca5698481734f94a01d9643e5036) Importer(815301076,1909f56bfc062723c751e8b465ee728b)  -> (artifact id: 'e4539699236560e3d920490e0c964542') in 0.572142 seconds 
========================================================================
Received Import Request.
  Time since last request: 346.920677 seconds.
  path: Assets/Materials/Fire.jpg
  artifactKey: Guid(decdb53bed883af4e8299a6516d2da1b) Importer(815301076,1909f56bfc062723c751e8b465ee728b)
Start importing Assets/Materials/Fire.jpg using Guid(decdb53bed883af4e8299a6516d2da1b) Importer(815301076,1909f56bfc062723c751e8b465ee728b)  -> (artifact id: '43065a39d002ba5a15e8eb6f8fc4be0f') in 0.094610 seconds 
========================================================================
Received Import Request.
  Time since last request: 0.000393 seconds.
  path: Assets/Materials/Smoke.jpg
  artifactKey: Guid(8e9641901c396914b89a068749dac44a) Importer(815301076,1909f56bfc062723c751e8b465ee728b)
Start importing Assets/Materials/Smoke.jpg using Guid(8e9641901c396914b89a068749dac44a) Importer(815301076,1909f56bfc062723c751e8b465ee728b)  -> (artifact id: '98d81c565d815c915ae0b320ca14fbd1') in 0.029894 seconds 
========================================================================
Received Import Request.
  Time since last request: 21.227860 seconds.
  path: Assets/Materials/Materials/Fire.mat
  artifactKey: Guid(aa5efee52a7c93940aeb82e51d73852e) Importer(815301076,1909f56bfc062723c751e8b465ee728b)
Start importing Assets/Materials/Materials/Fire.mat using Guid(aa5efee52a7c93940aeb82e51d73852e) Importer(815301076,1909f56bfc062723c751e8b465ee728b)  -> (artifact id: '751d6ee9d4e6631f731ce744432da5e7') in 0.089979 seconds 
========================================================================
Received Import Request.
  Time since last request: 5.392060 seconds.
  path: Assets/Materials/Materials
  artifactKey: Guid(566c8264e90ce3c43b40086a6cb29a22) Importer(815301076,1909f56bfc062723c751e8b465ee728b)
Start importing Assets/Materials/Materials using Guid(566c8264e90ce3c43b40086a6cb29a22) Importer(815301076,1909f56bfc062723c751e8b465ee728b)  -> (artifact id: 'e1e94ddd2aead26c28781a2723afea44') in 0.001597 seconds 
========================================================================
Received Import Request.
  Time since last request: 28.258750 seconds.
  path: Assets/Materials/Materials/Fire.mat
  artifactKey: Guid(aa5efee52a7c93940aeb82e51d73852e) Importer(815301076,1909f56bfc062723c751e8b465ee728b)
Start importing Assets/Materials/Materials/Fire.mat using Guid(aa5efee52a7c93940aeb82e51d73852e) Importer(815301076,1909f56bfc062723c751e8b465ee728b)  -> (artifact id: '93d140cd538d9d33899353f61f85aad9') in 0.066352 seconds 
========================================================================
Received Import Request.
  Time since last request: 18.101225 seconds.
  path: Assets/Materials/Materials/Fire.mat
  artifactKey: Guid(aa5efee52a7c93940aeb82e51d73852e) Importer(815301076,1909f56bfc062723c751e8b465ee728b)
Start importing Assets/Materials/Materials/Fire.mat using Guid(aa5efee52a7c93940aeb82e51d73852e) Importer(815301076,1909f56bfc062723c751e8b465ee728b)  -> (artifact id: 'c25eb58265303a6b8fd95b2668b22a6b') in 0.042864 seconds 
========================================================================
Received Import Request.
  Time since last request: 2128.533380 seconds.
  path: Assets/Materials/New Material.mat
  artifactKey: Guid(879b9e9522dc82941ad5434965ff943d) Importer(815301076,1909f56bfc062723c751e8b465ee728b)
Start importing Assets/Materials/New Material.mat using Guid(879b9e9522dc82941ad5434965ff943d) Importer(815301076,1909f56bfc062723c751e8b465ee728b)  -> (artifact id: 'ac0efdb890a8bf07d0863b24b7421dd2') in 0.135890 seconds 
========================================================================
Received Import Request.
  Time since last request: 23.717579 seconds.
  path: Assets/Materials/MAT_Fire.mat
  artifactKey: Guid(84b574f9674a5a2499a1cd7e8b8da5c2) Importer(815301076,1909f56bfc062723c751e8b465ee728b)
Start importing Assets/Materials/MAT_Fire.mat using Guid(84b574f9674a5a2499a1cd7e8b8da5c2) Importer(815301076,1909f56bfc062723c751e8b465ee728b)  -> (artifact id: 'fcafc703ccb4f543a3c6e57c4a38f62e') in 0.045512 seconds 
========================================================================
Received Import Request.
  Time since last request: 204.701672 seconds.
  path: Assets/TangyTextures Free Materials/Textures/Brain/Brain_Color.png
  artifactKey: Guid(f2be608b5ed0f40d8b6af75ad43e1db2) Importer(815301076,1909f56bfc062723c751e8b465ee728b)
Start importing Assets/TangyTextures Free Materials/Textures/Brain/Brain_Color.png using Guid(f2be608b5ed0f40d8b6af75ad43e1db2) Importer(815301076,1909f56bfc062723c751e8b465ee728b)  -> (artifact id: '1795000e8ae358802e351272a9a7c849') in 0.293208 seconds 
========================================================================
Received Import Request.
  Time since last request: 0.000343 seconds.
  path: Assets/TangyTextures Free Materials/Textures/Bricks2/Bricks2_Color.png
  artifactKey: Guid(14ff76426bda64176ad6afc69f891237) Importer(815301076,1909f56bfc062723c751e8b465ee728b)
Start importing Assets/TangyTextures Free Materials/Textures/Bricks2/Bricks2_Color.png using Guid(14ff76426bda64176ad6afc69f891237) Importer(815301076,1909f56bfc062723c751e8b465ee728b)  -> (artifact id: '5eb0204407cbcccee9a9e8a4a299ac71') in 0.107255 seconds 
========================================================================
Received Import Request.
  Time since last request: 0.000425 seconds.
  path: Assets/TangyTextures Free Materials/Textures/Brain/Brain_Normal.png
  artifactKey: Guid(c608b999f13e1435b95854b52837d883) Importer(815301076,1909f56bfc062723c751e8b465ee728b)
Start importing Assets/TangyTextures Free Materials/Textures/Brain/Brain_Normal.png using Guid(c608b999f13e1435b95854b52837d883) Importer(815301076,1909f56bfc062723c751e8b465ee728b)  -> (artifact id: '7bdc5fe378ee95dc9cef5c421cf058c0') in 0.186997 seconds 
========================================================================
Received Import Request.
  Time since last request: 0.000508 seconds.
  path: Assets/TangyTextures Free Materials/Textures/Brain/Brain_Height.png
  artifactKey: Guid(4dfedb51557604f91934f0f7fe5ce91b) Importer(815301076,1909f56bfc062723c751e8b465ee728b)
Start importing Assets/TangyTextures Free Materials/Textures/Brain/Brain_Height.png using Guid(4dfedb51557604f91934f0f7fe5ce91b) Importer(815301076,1909f56bfc062723c751e8b465ee728b)  -> (artifact id: '1217ff39e3b62fdd5c7e3d988f085828') in 0.109123 seconds 
========================================================================
Received Import Request.
  Time since last request: 0.000309 seconds.
  path: Assets/TangyTextures Free Materials/Textures/Bricks2/Bricks2_Height.png
  artifactKey: Guid(7c8150c763f8948a6b2da3ed230b1332) Importer(815301076,1909f56bfc062723c751e8b465ee728b)
Start importing Assets/TangyTextures Free Materials/Textures/Bricks2/Bricks2_Height.png using Guid(7c8150c763f8948a6b2da3ed230b1332) Importer(815301076,1909f56bfc062723c751e8b465ee728b)  -> (artifact id: '8fbe5e2073098a6d1521bd3bd71384e4') in 0.145020 seconds 
========================================================================
Received Import Request.
  Time since last request: 0.000393 seconds.
  path: Assets/TangyTextures Free Materials/Textures/Bricks1/Bricks1_Height.png
  artifactKey: Guid(1cb6f667aa82c499da592c9ed6bbb2ce) Importer(815301076,1909f56bfc062723c751e8b465ee728b)
Start importing Assets/TangyTextures Free Materials/Textures/Bricks1/Bricks1_Height.png using Guid(1cb6f667aa82c499da592c9ed6bbb2ce) Importer(815301076,1909f56bfc062723c751e8b465ee728b)  -> (artifact id: '6f23895072576291e29bfb192b7394d3') in 0.136944 seconds 
========================================================================
Received Import Request.
  Time since last request: 0.000401 seconds.
  path: Assets/TangyTextures Free Materials/Textures/Bricks1/Bricks1_Normal.png
  artifactKey: Guid(e0d3e4a277cd14fbbbab79bd939df7d2) Importer(815301076,1909f56bfc062723c751e8b465ee728b)
Start importing Assets/TangyTextures Free Materials/Textures/Bricks1/Bricks1_Normal.png using Guid(e0d3e4a277cd14fbbbab79bd939df7d2) Importer(815301076,1909f56bfc062723c751e8b465ee728b)  -> (artifact id: 'f809f037d46f95325c4f38d100785779') in 0.136565 seconds 
========================================================================
Received Import Request.
  Time since last request: 0.000331 seconds.
  path: Assets/TangyTextures Free Materials/Textures/Bricks2/Bricks2_Normal.png
  artifactKey: Guid(94549353055cb427ba10bb9b640a4d3c) Importer(815301076,1909f56bfc062723c751e8b465ee728b)
Start importing Assets/TangyTextures Free Materials/Textures/Bricks2/Bricks2_Normal.png using Guid(94549353055cb427ba10bb9b640a4d3c) Importer(815301076,1909f56bfc062723c751e8b465ee728b)  -> (artifact id: 'ad6217d2d1d582541b04192ec0788287') in 0.129648 seconds 
========================================================================
Received Import Request.
  Time since last request: 0.000318 seconds.
  path: Assets/TangyTextures Free Materials/Textures/Bricks1/Bricks1_Color.png
  artifactKey: Guid(9908a2ec162ad4fbd8bd0f579b184ba0) Importer(815301076,1909f56bfc062723c751e8b465ee728b)
Start importing Assets/TangyTextures Free Materials/Textures/Bricks1/Bricks1_Color.png using Guid(9908a2ec162ad4fbd8bd0f579b184ba0) Importer(815301076,1909f56bfc062723c751e8b465ee728b)  -> (artifact id: 'e543b16917b98a835b4b5de12f1f9896') in 0.091652 seconds 
========================================================================
Received Import Request.
  Time since last request: 0.000344 seconds.
  path: Assets/TangyTextures Free Materials/Textures/Bricks3/Bricks3_Color.png
  artifactKey: Guid(33f11feaacd544263ba72702b955053c) Importer(815301076,1909f56bfc062723c751e8b465ee728b)
Start importing Assets/TangyTextures Free Materials/Textures/Bricks3/Bricks3_Color.png using Guid(33f11feaacd544263ba72702b955053c) Importer(815301076,1909f56bfc062723c751e8b465ee728b)  -> (artifact id: 'c0b2d654f7f6a6941b2ec184d7ceb43a') in 0.113657 seconds 
========================================================================
Received Import Request.
  Time since last request: 1.756600 seconds.
  path: Assets/TangyTextures Free Materials/Textures/Bricks3/Bricks3_Height.png
  artifactKey: Guid(cac9a82b1dcf742899ffb9ae1a00850a) Importer(815301076,1909f56bfc062723c751e8b465ee728b)
Start importing Assets/TangyTextures Free Materials/Textures/Bricks3/Bricks3_Height.png using Guid(cac9a82b1dcf742899ffb9ae1a00850a) Importer(815301076,1909f56bfc062723c751e8b465ee728b)  -> (artifact id: '1abbc8c7e0adadfa3790670fd8cf71f5') in 0.101551 seconds 
========================================================================
Received Import Request.
  Time since last request: 0.000428 seconds.
  path: Assets/TangyTextures Free Materials/Textures/Cells1/Cells1_Color.png
  artifactKey: Guid(f057a86f1f51e4ebd987edb53cc27ff5) Importer(815301076,1909f56bfc062723c751e8b465ee728b)
Start importing Assets/TangyTextures Free Materials/Textures/Cells1/Cells1_Color.png using Guid(f057a86f1f51e4ebd987edb53cc27ff5) Importer(815301076,1909f56bfc062723c751e8b465ee728b)  -> (artifact id: '8959c6a272dbf50acbb2839a6d2deaf5') in 0.073585 seconds 
========================================================================
Received Import Request.
  Time since last request: 0.000336 seconds.
  path: Assets/TangyTextures Free Materials/Textures/Bricks3/Bricks3_Normal.png
  artifactKey: Guid(9155e74dce01e461e9a772ccb5eb2419) Importer(815301076,1909f56bfc062723c751e8b465ee728b)
Start importing Assets/TangyTextures Free Materials/Textures/Bricks3/Bricks3_Normal.png using Guid(9155e74dce01e461e9a772ccb5eb2419) Importer(815301076,1909f56bfc062723c751e8b465ee728b)  -> (artifact id: 'fab4b0388abd341d03c909b2edf5412a') in 0.118748 seconds 
========================================================================
Received Import Request.
  Time since last request: 0.000266 seconds.
  path: Assets/TangyTextures Free Materials/Textures/Concrete2/Concrete2_Normal.png
  artifactKey: Guid(81e0630c8b404415890fd3b29bd4565d) Importer(815301076,1909f56bfc062723c751e8b465ee728b)
Start importing Assets/TangyTextures Free Materials/Textures/Concrete2/Concrete2_Normal.png using Guid(81e0630c8b404415890fd3b29bd4565d) Importer(815301076,1909f56bfc062723c751e8b465ee728b)  -> (artifact id: 'a0e11d6b432bfcd34dd26a6b46bb92a4') in 0.047714 seconds 
========================================================================
Received Import Request.
  Time since last request: 0.000347 seconds.
  path: Assets/TangyTextures Free Materials/Textures/Concrete1/concrete_Height.png
  artifactKey: Guid(a5aa72753bedc40a298c76efd759ee49) Importer(815301076,1909f56bfc062723c751e8b465ee728b)
Start importing Assets/TangyTextures Free Materials/Textures/Concrete1/concrete_Height.png using Guid(a5aa72753bedc40a298c76efd759ee49) Importer(815301076,1909f56bfc062723c751e8b465ee728b)  -> (artifact id: 'c47f13f2dec56b21c2fc373fb3e4ed8e') in 0.099755 seconds 
========================================================================
Received Import Request.
  Time since last request: 0.000316 seconds.
  path: Assets/TangyTextures Free Materials/Textures/Cells1/Cells1_Normal.png
  artifactKey: Guid(210bd351a13e047df9744bf239c09422) Importer(815301076,1909f56bfc062723c751e8b465ee728b)
Start importing Assets/TangyTextures Free Materials/Textures/Cells1/Cells1_Normal.png using Guid(210bd351a13e047df9744bf239c09422) Importer(815301076,1909f56bfc062723c751e8b465ee728b)  -> (artifact id: '24be253ac07f9e3e401be9fd6b3adbb7') in 0.107667 seconds 
========================================================================
Received Import Request.
  Time since last request: 0.000543 seconds.
  path: Assets/TangyTextures Free Materials/Textures/Concrete1/concrete_Color.png
  artifactKey: Guid(9d818cfeae8b24191af758f744d67a9e) Importer(815301076,1909f56bfc062723c751e8b465ee728b)
Start importing Assets/TangyTextures Free Materials/Textures/Concrete1/concrete_Color.png using Guid(9d818cfeae8b24191af758f744d67a9e) Importer(815301076,1909f56bfc062723c751e8b465ee728b)  -> (artifact id: 'd76b9be8849cce0339fd807b89942d8b') in 0.085448 seconds 
========================================================================
Received Import Request.
  Time since last request: 0.000367 seconds.
  path: Assets/TangyTextures Free Materials/Textures/Cells1/Cells1_Height.png
  artifactKey: Guid(71a79d03c77b94330badb31c655a4958) Importer(815301076,1909f56bfc062723c751e8b465ee728b)
Start importing Assets/TangyTextures Free Materials/Textures/Cells1/Cells1_Height.png using Guid(71a79d03c77b94330badb31c655a4958) Importer(815301076,1909f56bfc062723c751e8b465ee728b)  -> (artifact id: '858b8faa527b59eb5046bf052bb9ad56') in 0.092299 seconds 
========================================================================
Received Import Request.
  Time since last request: 0.000428 seconds.
  path: Assets/TangyTextures Free Materials/Textures/Concrete2/Concrete2_Height.png
  artifactKey: Guid(7f9b4667cbe7a49c5a6abd8979700f00) Importer(815301076,1909f56bfc062723c751e8b465ee728b)
Start importing Assets/TangyTextures Free Materials/Textures/Concrete2/Concrete2_Height.png using Guid(7f9b4667cbe7a49c5a6abd8979700f00) Importer(815301076,1909f56bfc062723c751e8b465ee728b)  -> (artifact id: '78b9ef43ae2d18bc78944d41ae4787fb') in 0.095556 seconds 
========================================================================
Received Import Request.
  Time since last request: 0.000305 seconds.
  path: Assets/TangyTextures Free Materials/Textures/Concrete1/concrete_Normal.png
  artifactKey: Guid(44e1957a5a4404fbaa1400e4a2aae45c) Importer(815301076,1909f56bfc062723c751e8b465ee728b)
Start importing Assets/TangyTextures Free Materials/Textures/Concrete1/concrete_Normal.png using Guid(44e1957a5a4404fbaa1400e4a2aae45c) Importer(815301076,1909f56bfc062723c751e8b465ee728b)  -> (artifact id: 'fa602f72579a47996820200af4ba7faa') in 0.074059 seconds 
========================================================================
Received Import Request.
  Time since last request: 0.000332 seconds.
  path: Assets/TangyTextures Free Materials/Textures/EvilFlowers/EvilFlowers_Height.png
  artifactKey: Guid(7721578e238ac4b1d94b6e3f1b5754c3) Importer(815301076,1909f56bfc062723c751e8b465ee728b)
Start importing Assets/TangyTextures Free Materials/Textures/EvilFlowers/EvilFlowers_Height.png using Guid(7721578e238ac4b1d94b6e3f1b5754c3) Importer(815301076,1909f56bfc062723c751e8b465ee728b)  -> (artifact id: 'f4ea2bd7f44a9a7c67c9ce5f8d7824b2') in 0.114624 seconds 
========================================================================
Received Import Request.
  Time since last request: 0.000311 seconds.
  path: Assets/TangyTextures Free Materials/Textures/Concrete2/Concrete2_Color.png
  artifactKey: Guid(e95562aad9d7d4cce9210cab8342bf2f) Importer(815301076,1909f56bfc062723c751e8b465ee728b)
Start importing Assets/TangyTextures Free Materials/Textures/Concrete2/Concrete2_Color.png using Guid(e95562aad9d7d4cce9210cab8342bf2f) Importer(815301076,1909f56bfc062723c751e8b465ee728b)  -> (artifact id: '060f187614b5ff4bef1f9c411ce0411e') in 0.075590 seconds 
========================================================================
Received Import Request.
  Time since last request: 0.000337 seconds.
  path: Assets/TangyTextures Free Materials/Textures/Flower1/Flower1_Normal.png
  artifactKey: Guid(2febd2d3b0acd47f391b5c8058d05c52) Importer(815301076,1909f56bfc062723c751e8b465ee728b)
Start importing Assets/TangyTextures Free Materials/Textures/Flower1/Flower1_Normal.png using Guid(2febd2d3b0acd47f391b5c8058d05c52) Importer(815301076,1909f56bfc062723c751e8b465ee728b)  -> (artifact id: '37636cd0142ab5a287c2b9b7a6dc0a87') in 0.095062 seconds 
========================================================================
Received Import Request.
  Time since last request: 0.000323 seconds.
  path: Assets/TangyTextures Free Materials/Textures/Flower1/Flower1_Color.png
  artifactKey: Guid(fc0eb596b121f4291946a634a543fa15) Importer(815301076,1909f56bfc062723c751e8b465ee728b)
Start importing Assets/TangyTextures Free Materials/Textures/Flower1/Flower1_Color.png using Guid(fc0eb596b121f4291946a634a543fa15) Importer(815301076,1909f56bfc062723c751e8b465ee728b)  -> (artifact id: '79ca97a4f1b50dd00ebd90ead9d9b4fe') in 0.087436 seconds 
========================================================================
Received Import Request.
  Time since last request: 0.000328 seconds.
  path: Assets/TangyTextures Free Materials/Textures/GoldChains/GoldChains_Color.png
  artifactKey: Guid(57041466feeee4d26a7bbfb2d38987b6) Importer(815301076,1909f56bfc062723c751e8b465ee728b)
Start importing Assets/TangyTextures Free Materials/Textures/GoldChains/GoldChains_Color.png using Guid(57041466feeee4d26a7bbfb2d38987b6) Importer(815301076,1909f56bfc062723c751e8b465ee728b)  -> (artifact id: 'ffae76ab689db3358c67bdf10986707b') in 0.094986 seconds 
========================================================================
Received Import Request.
  Time since last request: 0.000329 seconds.
  path: Assets/TangyTextures Free Materials/Textures/Grass/grass_Height.png
  artifactKey: Guid(9a1a957c5f6bc4ddda1a2d823c7d8812) Importer(815301076,1909f56bfc062723c751e8b465ee728b)
Start importing Assets/TangyTextures Free Materials/Textures/Grass/grass_Height.png using Guid(9a1a957c5f6bc4ddda1a2d823c7d8812) Importer(815301076,1909f56bfc062723c751e8b465ee728b)  -> (artifact id: '6f666f0021d2a2e6be8b221df14bcd39') in 0.124638 seconds 
========================================================================
Received Import Request.
  Time since last request: 0.000375 seconds.
  path: Assets/TangyTextures Free Materials/Textures/Leather/leather_Color.png
  artifactKey: Guid(bace85728679d4f77b0aef2c6ab26791) Importer(815301076,1909f56bfc062723c751e8b465ee728b)
Start importing Assets/TangyTextures Free Materials/Textures/Leather/leather_Color.png using Guid(bace85728679d4f77b0aef2c6ab26791) Importer(815301076,1909f56bfc062723c751e8b465ee728b)  -> (artifact id: '607884ea7e6aaf6be56217c0eb4b861c') in 0.028485 seconds 
========================================================================
Received Import Request.
  Time since last request: 0.000348 seconds.
  path: Assets/TangyTextures Free Materials/Textures/Grass/grass_Color.png
  artifactKey: Guid(153bd06faa13e48448bacb24e149ac3b) Importer(815301076,1909f56bfc062723c751e8b465ee728b)
Start importing Assets/TangyTextures Free Materials/Textures/Grass/grass_Color.png using Guid(153bd06faa13e48448bacb24e149ac3b) Importer(815301076,1909f56bfc062723c751e8b465ee728b)  -> (artifact id: '7c092eb1621cac78a7f02762fb4ac7c5') in 0.069828 seconds 
========================================================================
Received Import Request.
  Time since last request: 0.000337 seconds.
  path: Assets/TangyTextures Free Materials/Textures/Flower1/Flower1_Height.png
  artifactKey: Guid(72c3c3d3a39ec4d5d85db55014f07f3c) Importer(815301076,1909f56bfc062723c751e8b465ee728b)
Start importing Assets/TangyTextures Free Materials/Textures/Flower1/Flower1_Height.png using Guid(72c3c3d3a39ec4d5d85db55014f07f3c) Importer(815301076,1909f56bfc062723c751e8b465ee728b)  -> (artifact id: 'fcb0f58eb14d985fda4c0cc0de3d55f5') in 0.091050 seconds 
========================================================================
Received Import Request.
  Time since last request: 0.000369 seconds.
  path: Assets/TangyTextures Free Materials/Textures/GoldChains/GoldChains_Height.png
  artifactKey: Guid(8d70c1fba719a4ab9b4a1368d703bbd1) Importer(815301076,1909f56bfc062723c751e8b465ee728b)
Start importing Assets/TangyTextures Free Materials/Textures/GoldChains/GoldChains_Height.png using Guid(8d70c1fba719a4ab9b4a1368d703bbd1) Importer(815301076,1909f56bfc062723c751e8b465ee728b)  -> (artifact id: '9262a4fb51400771e38989ce78ddc5af') in 0.084762 seconds 
========================================================================
Received Import Request.
  Time since last request: 0.000336 seconds.
  path: Assets/TangyTextures Free Materials/Textures/Gnarled1/Gnarled1_Color.png
  artifactKey: Guid(b902b6346a5a34a788e2dce323a3bd40) Importer(815301076,1909f56bfc062723c751e8b465ee728b)
Start importing Assets/TangyTextures Free Materials/Textures/Gnarled1/Gnarled1_Color.png using Guid(b902b6346a5a34a788e2dce323a3bd40) Importer(815301076,1909f56bfc062723c751e8b465ee728b)  -> (artifact id: '283d51e4d10c4b8f56fb15ad0404932e') in 0.095116 seconds 
========================================================================
Received Import Request.
  Time since last request: 0.000309 seconds.
  path: Assets/TangyTextures Free Materials/Textures/Gnarled1/Gnarled1_Normal.png
  artifactKey: Guid(a0868b2a75585430381b4e18442439f7) Importer(815301076,1909f56bfc062723c751e8b465ee728b)
Start importing Assets/TangyTextures Free Materials/Textures/Gnarled1/Gnarled1_Normal.png using Guid(a0868b2a75585430381b4e18442439f7) Importer(815301076,1909f56bfc062723c751e8b465ee728b)  -> (artifact id: '2df6f1c836d7ad174b88c0aad66df410') in 0.071698 seconds 
========================================================================
Received Import Request.
  Time since last request: 0.000305 seconds.
  path: Assets/TangyTextures Free Materials/Textures/Gnarled1/Gnarled1_Height.png
  artifactKey: Guid(87ac7f29f78154395b28fd04b8674c26) Importer(815301076,1909f56bfc062723c751e8b465ee728b)
Start importing Assets/TangyTextures Free Materials/Textures/Gnarled1/Gnarled1_Height.png using Guid(87ac7f29f78154395b28fd04b8674c26) Importer(815301076,1909f56bfc062723c751e8b465ee728b)  -> (artifact id: '241f59cc271dc8a68dd79f7aca891e82') in 0.094344 seconds 
========================================================================
Received Import Request.
  Time since last request: 0.000369 seconds.
  path: Assets/TangyTextures Free Materials/Textures/GoldChains/GoldChains_Normal.png
  artifactKey: Guid(8cdbeb80113044d8fbb99c1c14491b40) Importer(815301076,1909f56bfc062723c751e8b465ee728b)
Start importing Assets/TangyTextures Free Materials/Textures/GoldChains/GoldChains_Normal.png using Guid(8cdbeb80113044d8fbb99c1c14491b40) Importer(815301076,1909f56bfc062723c751e8b465ee728b)  -> (artifact id: '641d30a96ac36ab64bb10100881f75a4') in 0.118269 seconds 
========================================================================
Received Import Request.
  Time since last request: 0.000295 seconds.
  path: Assets/TangyTextures Free Materials/Textures/EvilFlowers/EvilFlowers_Normal.png
  artifactKey: Guid(83674657ece4f4765a30835787d47406) Importer(815301076,1909f56bfc062723c751e8b465ee728b)
Start importing Assets/TangyTextures Free Materials/Textures/EvilFlowers/EvilFlowers_Normal.png using Guid(83674657ece4f4765a30835787d47406) Importer(815301076,1909f56bfc062723c751e8b465ee728b)  -> (artifact id: '5c200db27468ec790d316117e6747162') in 0.158579 seconds 
========================================================================
Received Import Request.
  Time since last request: 0.000329 seconds.
  path: Assets/TangyTextures Free Materials/Textures/Meaty/Meaty_Normal.png
  artifactKey: Guid(becc38732163b4c1f94c1be47bae90da) Importer(815301076,1909f56bfc062723c751e8b465ee728b)
Start importing Assets/TangyTextures Free Materials/Textures/Meaty/Meaty_Normal.png using Guid(becc38732163b4c1f94c1be47bae90da) Importer(815301076,1909f56bfc062723c751e8b465ee728b)  -> (artifact id: '3794729c766e26f04c1beb08fc629c98') in 0.133070 seconds 
========================================================================
Received Import Request.
  Time since last request: 0.000321 seconds.
  path: Assets/TangyTextures Free Materials/Textures/Leather/leather_Height.png
  artifactKey: Guid(95e1eb89e703b4d31ac5a9248052dc94) Importer(815301076,1909f56bfc062723c751e8b465ee728b)
Start importing Assets/TangyTextures Free Materials/Textures/Leather/leather_Height.png using Guid(95e1eb89e703b4d31ac5a9248052dc94) Importer(815301076,1909f56bfc062723c751e8b465ee728b)  -> (artifact id: '45df3d5899aae08dd3be95807e4140fb') in 0.049817 seconds 
========================================================================
Received Import Request.
  Time since last request: 0.000301 seconds.
  path: Assets/TangyTextures Free Materials/Textures/Meaty/Meaty_Height.png
  artifactKey: Guid(607664f4a38e849b09277858a45866e9) Importer(815301076,1909f56bfc062723c751e8b465ee728b)
Start importing Assets/TangyTextures Free Materials/Textures/Meaty/Meaty_Height.png using Guid(607664f4a38e849b09277858a45866e9) Importer(815301076,1909f56bfc062723c751e8b465ee728b)  -> (artifact id: 'cbb5f3343daa77eb32a0b1ef7e72e331') in 0.107332 seconds 
========================================================================
Received Import Request.
  Time since last request: 0.000301 seconds.
  path: Assets/TangyTextures Free Materials/Textures/Leather/leather_Normal.png
  artifactKey: Guid(6682f4b7b4ed6427eb8c8caa59975f53) Importer(815301076,1909f56bfc062723c751e8b465ee728b)
Start importing Assets/TangyTextures Free Materials/Textures/Leather/leather_Normal.png using Guid(6682f4b7b4ed6427eb8c8caa59975f53) Importer(815301076,1909f56bfc062723c751e8b465ee728b)  -> (artifact id: '5e0cac13f94064a9068897cab4ea7d72') in 0.036664 seconds 
========================================================================
Received Import Request.
  Time since last request: 0.000266 seconds.
  path: Assets/TangyTextures Free Materials/Textures/Moon/Moon_Height.png
  artifactKey: Guid(b3c9cb99d530b4686a7c113df882a2f7) Importer(815301076,1909f56bfc062723c751e8b465ee728b)
Start importing Assets/TangyTextures Free Materials/Textures/Moon/Moon_Height.png using Guid(b3c9cb99d530b4686a7c113df882a2f7) Importer(815301076,1909f56bfc062723c751e8b465ee728b)  -> (artifact id: 'aca42275927c2b482d3d5f1daad220d5') in 0.209505 seconds 
========================================================================
Received Import Request.
  Time since last request: 0.000299 seconds.
  path: Assets/TangyTextures Free Materials/Textures/Meaty/Meaty_Color.png
  artifactKey: Guid(d5d0dc7d8ff434c7891dcdc3253c957e) Importer(815301076,1909f56bfc062723c751e8b465ee728b)
Start importing Assets/TangyTextures Free Materials/Textures/Meaty/Meaty_Color.png using Guid(d5d0dc7d8ff434c7891dcdc3253c957e) Importer(815301076,1909f56bfc062723c751e8b465ee728b)  -> (artifact id: '6899b8be8d6b1e633e5ecfb7e1088ad4') in 0.073015 seconds 
========================================================================
Received Import Request.
  Time since last request: 0.000360 seconds.
  path: Assets/TangyTextures Free Materials/Textures/MetalCircles/MetalCircles_Height.png
  artifactKey: Guid(1bc3af4fc87914c228d8c01fb73e2be3) Importer(815301076,1909f56bfc062723c751e8b465ee728b)
Start importing Assets/TangyTextures Free Materials/Textures/MetalCircles/MetalCircles_Height.png using Guid(1bc3af4fc87914c228d8c01fb73e2be3) Importer(815301076,1909f56bfc062723c751e8b465ee728b)  -> (artifact id: '23e300ceba959f07402a8937697202c6') in 0.055283 seconds 
========================================================================
Received Import Request.
  Time since last request: 0.000319 seconds.
  path: Assets/TangyTextures Free Materials/Textures/Moon/Moon_Color.png
  artifactKey: Guid(ad89b5af6ea3c413d84928d4a01c78a2) Importer(815301076,1909f56bfc062723c751e8b465ee728b)
Start importing Assets/TangyTextures Free Materials/Textures/Moon/Moon_Color.png using Guid(ad89b5af6ea3c413d84928d4a01c78a2) Importer(815301076,1909f56bfc062723c751e8b465ee728b)  -> (artifact id: 'd92719950f332c6b93060d4e640eba84') in 0.083282 seconds 
========================================================================
Received Import Request.
  Time since last request: 0.000330 seconds.
  path: Assets/TangyTextures Free Materials/Textures/MetalCircles/MetalCircles_Color.png
  artifactKey: Guid(5a46916b4e9c34d03976913a5aa394ee) Importer(815301076,1909f56bfc062723c751e8b465ee728b)
Start importing Assets/TangyTextures Free Materials/Textures/MetalCircles/MetalCircles_Color.png using Guid(5a46916b4e9c34d03976913a5aa394ee) Importer(815301076,1909f56bfc062723c751e8b465ee728b)  -> (artifact id: '5733fc994ca14789c27e114d95b9fd0f') in 0.045695 seconds 
========================================================================
Received Import Request.
  Time since last request: 0.000317 seconds.
  path: Assets/TangyTextures Free Materials/Textures/MetalCircles/MetalCircles_Normal.png
  artifactKey: Guid(59863d9300dc64c93ab30a414ef57f2c) Importer(815301076,1909f56bfc062723c751e8b465ee728b)
Start importing Assets/TangyTextures Free Materials/Textures/MetalCircles/MetalCircles_Normal.png using Guid(59863d9300dc64c93ab30a414ef57f2c) Importer(815301076,1909f56bfc062723c751e8b465ee728b)  -> (artifact id: '4a8f66a4755e7d3fa773a1bf0017fbbb') in 0.089530 seconds 
========================================================================
Received Import Request.
  Time since last request: 0.000297 seconds.
  path: Assets/TangyTextures Free Materials/Textures/Labyrinth/Labyrinth1_Color.png
  artifactKey: Guid(9ef976b049e3343958879f450cef7620) Importer(815301076,1909f56bfc062723c751e8b465ee728b)
Start importing Assets/TangyTextures Free Materials/Textures/Labyrinth/Labyrinth1_Color.png using Guid(9ef976b049e3343958879f450cef7620) Importer(815301076,1909f56bfc062723c751e8b465ee728b)  -> (artifact id: 'aaf64e21efd4dad2e4a76354e76c902d') in 0.055450 seconds 
========================================================================
Received Import Request.
  Time since last request: 0.000250 seconds.
  path: Assets/TangyTextures Free Materials/Textures/EvilFlowers/EvilFlowers_Color.png
  artifactKey: Guid(8a493d6da57c940e29163bb7810dc116) Importer(815301076,1909f56bfc062723c751e8b465ee728b)
Start importing Assets/TangyTextures Free Materials/Textures/EvilFlowers/EvilFlowers_Color.png using Guid(8a493d6da57c940e29163bb7810dc116) Importer(815301076,1909f56bfc062723c751e8b465ee728b)  -> (artifact id: '6f0e07b8d9589346b9787500f1278876') in 0.089322 seconds 
========================================================================
Received Import Request.
  Time since last request: 0.000322 seconds.
  path: Assets/TangyTextures Free Materials/Textures/Labyrinth/Labyrinth1_Normal.png
  artifactKey: Guid(1564d98655a414be9962f569a4436c56) Importer(815301076,1909f56bfc062723c751e8b465ee728b)
Start importing Assets/TangyTextures Free Materials/Textures/Labyrinth/Labyrinth1_Normal.png using Guid(1564d98655a414be9962f569a4436c56) Importer(815301076,1909f56bfc062723c751e8b465ee728b)  -> (artifact id: '6686c2beccf57583ba07b41b479a0d2a') in 0.043374 seconds 
========================================================================
Received Import Request.
  Time since last request: 0.000373 seconds.
  path: Assets/TangyTextures Free Materials/Textures/Grass/grass_Normal.png
  artifactKey: Guid(a8b809fd30fd646cd863a437530c5c48) Importer(815301076,1909f56bfc062723c751e8b465ee728b)
Start importing Assets/TangyTextures Free Materials/Textures/Grass/grass_Normal.png using Guid(a8b809fd30fd646cd863a437530c5c48) Importer(815301076,1909f56bfc062723c751e8b465ee728b)  -> (artifact id: '6878f6043416023a9c626b7129beae2a') in 0.111694 seconds 
========================================================================
Received Import Request.
  Time since last request: 0.000315 seconds.
  path: Assets/TangyTextures Free Materials/Textures/Labyrinth/Labyrinth1_Height.png
  artifactKey: Guid(050907e0b916046918edd210a46bc596) Importer(815301076,1909f56bfc062723c751e8b465ee728b)
Start importing Assets/TangyTextures Free Materials/Textures/Labyrinth/Labyrinth1_Height.png using Guid(050907e0b916046918edd210a46bc596) Importer(815301076,1909f56bfc062723c751e8b465ee728b)  -> (artifact id: '4bbdabb1066c444f71e1ff19645e56ed') in 0.096300 seconds 
========================================================================
Received Import Request.
  Time since last request: 5.612664 seconds.
  path: Assets/TangyTextures Free Materials/Textures/Moon/Moon_Normal.png
  artifactKey: Guid(976d2c45af8894b7cb7f2e91862beb62) Importer(815301076,1909f56bfc062723c751e8b465ee728b)
Start importing Assets/TangyTextures Free Materials/Textures/Moon/Moon_Normal.png using Guid(976d2c45af8894b7cb7f2e91862beb62) Importer(815301076,1909f56bfc062723c751e8b465ee728b)  -> (artifact id: '31e23ecdadb45e44350e9520ec33a952') in 0.110734 seconds 
========================================================================
Received Import Request.
  Time since last request: 0.000252 seconds.
  path: Assets/TangyTextures Free Materials/Textures/SlimySkin/SlimySkin1_Height.png
  artifactKey: Guid(d40e2b3e2fee346cbaa99e451f506eb2) Importer(815301076,1909f56bfc062723c751e8b465ee728b)
Start importing Assets/TangyTextures Free Materials/Textures/SlimySkin/SlimySkin1_Height.png using Guid(d40e2b3e2fee346cbaa99e451f506eb2) Importer(815301076,1909f56bfc062723c751e8b465ee728b)  -> (artifact id: '78044508591b7dac50d61b0ca6988cf5') in 0.161060 seconds 
========================================================================
Received Import Request.
  Time since last request: 0.000261 seconds.
  path: Assets/TangyTextures Free Materials/Textures/Spider/Spider_Height.png
  artifactKey: Guid(b5cad8f1e34b845bdbbcb65f6ec206d8) Importer(815301076,1909f56bfc062723c751e8b465ee728b)
Start importing Assets/TangyTextures Free Materials/Textures/Spider/Spider_Height.png using Guid(b5cad8f1e34b845bdbbcb65f6ec206d8) Importer(815301076,1909f56bfc062723c751e8b465ee728b)  -> (artifact id: '93c3a8ad47d4493ac2af4b6b30f74eba') in 0.133249 seconds 
========================================================================
Received Import Request.
  Time since last request: 0.000265 seconds.
  path: Assets/TangyTextures Free Materials/Textures/Wood1/wood1_Height.png
  artifactKey: Guid(5ff9608a8c403434e89adcbe2880c283) Importer(815301076,1909f56bfc062723c751e8b465ee728b)
Start importing Assets/TangyTextures Free Materials/Textures/Wood1/wood1_Height.png using Guid(5ff9608a8c403434e89adcbe2880c283) Importer(815301076,1909f56bfc062723c751e8b465ee728b)  -> (artifact id: 'b0c9b027bb00289549627bdbb4d5b639') in 0.147459 seconds 
========================================================================
Received Import Request.
  Time since last request: 0.000359 seconds.
  path: Assets/TangyTextures Free Materials/Textures/Wood1/wood1_Normal.png
  artifactKey: Guid(bbe5d1be05b22443285b80ff31ffe222) Importer(815301076,1909f56bfc062723c751e8b465ee728b)
Start importing Assets/TangyTextures Free Materials/Textures/Wood1/wood1_Normal.png using Guid(bbe5d1be05b22443285b80ff31ffe222) Importer(815301076,1909f56bfc062723c751e8b465ee728b)  -> (artifact id: 'b086d6650bc95bb4a31716d2e0e5c1dd') in 0.140858 seconds 
========================================================================
Received Import Request.
  Time since last request: 0.000291 seconds.
  path: Assets/TangyTextures Free Materials/Textures/StuddedLeather/StuddedLeather_Normal.png
  artifactKey: Guid(ea6f48ab4038c4cb29db2e3591a2595d) Importer(815301076,1909f56bfc062723c751e8b465ee728b)
Start importing Assets/TangyTextures Free Materials/Textures/StuddedLeather/StuddedLeather_Normal.png using Guid(ea6f48ab4038c4cb29db2e3591a2595d) Importer(815301076,1909f56bfc062723c751e8b465ee728b)  -> (artifact id: 'e8fd1887162d750d968adf35f3dd2862') in 0.095843 seconds 
========================================================================
Received Import Request.
  Time since last request: 0.000319 seconds.
  path: Assets/TangyTextures Free Materials/Textures/Roof1/Roof1_Color.png
  artifactKey: Guid(51641e5f1e59a4fd6b673f7732ff58c6) Importer(815301076,1909f56bfc062723c751e8b465ee728b)
Start importing Assets/TangyTextures Free Materials/Textures/Roof1/Roof1_Color.png using Guid(51641e5f1e59a4fd6b673f7732ff58c6) Importer(815301076,1909f56bfc062723c751e8b465ee728b)  -> (artifact id: 'f28e158903652a87007035605f98fad3') in 0.141883 seconds 
========================================================================
Received Import Request.
  Time since last request: 0.000365 seconds.
  path: Assets/TangyTextures Free Materials/Textures/StuddedLeather/StuddedLeather_Color.png
  artifactKey: Guid(8b37d18188c9e4f29a9235a9c368bd50) Importer(815301076,1909f56bfc062723c751e8b465ee728b)
Start importing Assets/TangyTextures Free Materials/Textures/StuddedLeather/StuddedLeather_Color.png using Guid(8b37d18188c9e4f29a9235a9c368bd50) Importer(815301076,1909f56bfc062723c751e8b465ee728b)  -> (artifact id: '80b9c2654af2532974e9f97ac54e6054') in 0.083748 seconds 
========================================================================
Received Import Request.
  Time since last request: 0.000334 seconds.
  path: Assets/TangyTextures Free Materials/Textures/Wood2/wood2_Height.png
  artifactKey: Guid(96160cdf1a2504cdeac5c03819e47966) Importer(815301076,1909f56bfc062723c751e8b465ee728b)
Start importing Assets/TangyTextures Free Materials/Textures/Wood2/wood2_Height.png using Guid(96160cdf1a2504cdeac5c03819e47966) Importer(815301076,1909f56bfc062723c751e8b465ee728b)  -> (artifact id: '24d8dc08a01e4352a5a2189f3d5f1300') in 0.081013 seconds 
========================================================================
Received Import Request.
  Time since last request: 0.000288 seconds.
  path: Assets/TangyTextures Free Materials/Textures/Roof1/Roof1_Normal.png
  artifactKey: Guid(8267710fa161641eab76d53d4ce1d5a0) Importer(815301076,1909f56bfc062723c751e8b465ee728b)
Start importing Assets/TangyTextures Free Materials/Textures/Roof1/Roof1_Normal.png using Guid(8267710fa161641eab76d53d4ce1d5a0) Importer(815301076,1909f56bfc062723c751e8b465ee728b)  -> (artifact id: '581a44bfbc7a09a5d4494cb048f59325') in 0.054494 seconds 
========================================================================
Received Import Request.
  Time since last request: 0.000242 seconds.
  path: Assets/TangyTextures Free Materials/Textures/Orange/Orange_Normal.png
  artifactKey: Guid(b585ed2d092f14dcaa22b21585e12187) Importer(815301076,1909f56bfc062723c751e8b465ee728b)
Start importing Assets/TangyTextures Free Materials/Textures/Orange/Orange_Normal.png using Guid(b585ed2d092f14dcaa22b21585e12187) Importer(815301076,1909f56bfc062723c751e8b465ee728b)  -> (artifact id: '458c91719e6c4bdec84cb93d4e6fe293') in 0.146018 seconds 
========================================================================
Received Import Request.
  Time since last request: 0.000323 seconds.
  path: Assets/TangyTextures Free Materials/Textures/Roof1/Roof1_Height.png
  artifactKey: Guid(e31e680cbc8ac4d8fa71c8a843b67401) Importer(815301076,1909f56bfc062723c751e8b465ee728b)
Start importing Assets/TangyTextures Free Materials/Textures/Roof1/Roof1_Height.png using Guid(e31e680cbc8ac4d8fa71c8a843b67401) Importer(815301076,1909f56bfc062723c751e8b465ee728b)  -> (artifact id: '52bd15fb9be60dce6a8459fe1eae4cc9') in 0.121372 seconds 
========================================================================
Received Import Request.
  Time since last request: 0.000364 seconds.
  path: Assets/TangyTextures Free Materials/Textures/Orange/Orange_Height.png
  artifactKey: Guid(709a2557db340457db7fe56e249bda07) Importer(815301076,1909f56bfc062723c751e8b465ee728b)
Start importing Assets/TangyTextures Free Materials/Textures/Orange/Orange_Height.png using Guid(709a2557db340457db7fe56e249bda07) Importer(815301076,1909f56bfc062723c751e8b465ee728b)  -> (artifact id: 'a3cbb5eb7430b27facef1e51e39a6733') in 0.079574 seconds 
========================================================================
Received Import Request.
  Time since last request: 0.000292 seconds.
  path: Assets/TangyTextures Free Materials/Textures/TribalCells/TribalCells_Color.png
  artifactKey: Guid(8154b7d81781647e491454333d08649c) Importer(815301076,1909f56bfc062723c751e8b465ee728b)
Start importing Assets/TangyTextures Free Materials/Textures/TribalCells/TribalCells_Color.png using Guid(8154b7d81781647e491454333d08649c) Importer(815301076,1909f56bfc062723c751e8b465ee728b)  -> (artifact id: '3d99bc7d9ae0daee5b3f739a63b023bc') in 0.091808 seconds 
========================================================================
Received Import Request.
  Time since last request: 0.000342 seconds.
  path: Assets/TangyTextures Free Materials/Textures/Spider/Spider_Normal.png
  artifactKey: Guid(bc7a6f27e327946d988b243053aeb33f) Importer(815301076,1909f56bfc062723c751e8b465ee728b)
Start importing Assets/TangyTextures Free Materials/Textures/Spider/Spider_Normal.png using Guid(bc7a6f27e327946d988b243053aeb33f) Importer(815301076,1909f56bfc062723c751e8b465ee728b)  -> (artifact id: '540af5d16de4110e9258c44f79f5d5f8') in 0.032755 seconds 
========================================================================
Received Import Request.
  Time since last request: 0.000309 seconds.
  path: Assets/TangyTextures Free Materials/Textures/SlimySkin/SlimySkin1_Color.png
  artifactKey: Guid(f54910d9829144041acee3e19bc6c470) Importer(815301076,1909f56bfc062723c751e8b465ee728b)
Start importing Assets/TangyTextures Free Materials/Textures/SlimySkin/SlimySkin1_Color.png using Guid(f54910d9829144041acee3e19bc6c470) Importer(815301076,1909f56bfc062723c751e8b465ee728b)  -> (artifact id: '973bef2e3e24da170af4c693910e4a90') in 0.052955 seconds 
========================================================================
Received Import Request.
  Time since last request: 0.000242 seconds.
  path: Assets/TangyTextures Free Materials/Textures/Wood1/wood1_Color.png
  artifactKey: Guid(7d4a8fc7050074ffe8077b4053f35929) Importer(815301076,1909f56bfc062723c751e8b465ee728b)
Start importing Assets/TangyTextures Free Materials/Textures/Wood1/wood1_Color.png using Guid(7d4a8fc7050074ffe8077b4053f35929) Importer(815301076,1909f56bfc062723c751e8b465ee728b)  -> (artifact id: 'bd315c82ceb99a7504f1317c86394659') in 0.063451 seconds 
========================================================================
Received Import Request.
  Time since last request: 0.000309 seconds.
  path: Assets/TangyTextures Free Materials/Textures/Spider/Spider_Color.png
  artifactKey: Guid(9f17ca1a044554d119ea5781672bf92f) Importer(815301076,1909f56bfc062723c751e8b465ee728b)
Start importing Assets/TangyTextures Free Materials/Textures/Spider/Spider_Color.png using Guid(9f17ca1a044554d119ea5781672bf92f) Importer(815301076,1909f56bfc062723c751e8b465ee728b)  -> (artifact id: 'e9f5ae447ae03df46d78fd5d3dba4982') in 0.041835 seconds 
========================================================================
Received Import Request.
  Time since last request: 0.000268 seconds.
  path: Assets/TangyTextures Free Materials/Textures/SlimySkin/SlimySkin1_Normal.png
  artifactKey: Guid(7b2fa39a43dae4840967280d8a3df380) Importer(815301076,1909f56bfc062723c751e8b465ee728b)
Start importing Assets/TangyTextures Free Materials/Textures/SlimySkin/SlimySkin1_Normal.png using Guid(7b2fa39a43dae4840967280d8a3df380) Importer(815301076,1909f56bfc062723c751e8b465ee728b)  -> (artifact id: 'e3ab587d6dcf971fa65fb8f18901aca8') in 0.083421 seconds 
========================================================================
Received Import Request.
  Time since last request: 0.000287 seconds.
  path: Assets/TangyTextures Free Materials/Textures/Wood2/wood2_Color.png
  artifactKey: Guid(7051dde25098745c8845aac373b7f360) Importer(815301076,1909f56bfc062723c751e8b465ee728b)
Start importing Assets/TangyTextures Free Materials/Textures/Wood2/wood2_Color.png using Guid(7051dde25098745c8845aac373b7f360) Importer(815301076,1909f56bfc062723c751e8b465ee728b)  -> (artifact id: 'a13de9a49e5b82d6664342632ec0ea26') in 0.112895 seconds 
========================================================================
Received Import Request.
  Time since last request: 0.000281 seconds.
  path: Assets/TangyTextures Free Materials/Textures/TribalCells/TribalCells_Normal.png
  artifactKey: Guid(024d771f3a80648f1997e8fbfee38892) Importer(815301076,1909f56bfc062723c751e8b465ee728b)
Start importing Assets/TangyTextures Free Materials/Textures/TribalCells/TribalCells_Normal.png using Guid(024d771f3a80648f1997e8fbfee38892) Importer(815301076,1909f56bfc062723c751e8b465ee728b)  -> (artifact id: '765341eaaeddad4831ef74b1e25fab3b') in 0.067898 seconds 
========================================================================
Received Import Request.
  Time since last request: 0.000310 seconds.
  path: Assets/TangyTextures Free Materials/Textures/Wood2/wood2_Normal.png
  artifactKey: Guid(12e54838cf1c34b038144d3780c537f1) Importer(815301076,1909f56bfc062723c751e8b465ee728b)
Start importing Assets/TangyTextures Free Materials/Textures/Wood2/wood2_Normal.png using Guid(12e54838cf1c34b038144d3780c537f1) Importer(815301076,1909f56bfc062723c751e8b465ee728b)  -> (artifact id: 'd8198be0f38ce0d0d69ffd92f951d6a4') in 0.091441 seconds 
========================================================================
Received Import Request.
  Time since last request: 0.000276 seconds.
  path: Assets/TangyTextures Free Materials/Textures/Orange/Orange_Color.png
  artifactKey: Guid(936dd2c773056413cac45f72444daa8a) Importer(815301076,1909f56bfc062723c751e8b465ee728b)
Start importing Assets/TangyTextures Free Materials/Textures/Orange/Orange_Color.png using Guid(936dd2c773056413cac45f72444daa8a) Importer(815301076,1909f56bfc062723c751e8b465ee728b)  -> (artifact id: 'fb473a728df4ada51843feb84830e8ea') in 0.052324 seconds 
========================================================================
Received Import Request.
  Time since last request: 0.000356 seconds.
  path: Assets/TangyTextures Free Materials/Textures/StuddedLeather/StuddedLeather_Height.png
  artifactKey: Guid(c5c8f659239a542c2864f7474c3e995d) Importer(815301076,1909f56bfc062723c751e8b465ee728b)
Start importing Assets/TangyTextures Free Materials/Textures/StuddedLeather/StuddedLeather_Height.png using Guid(c5c8f659239a542c2864f7474c3e995d) Importer(815301076,1909f56bfc062723c751e8b465ee728b)  -> (artifact id: '242a9cd8e2d947a8a5e5d08c6035ce10') in 0.086675 seconds 
========================================================================
Received Import Request.
  Time since last request: 0.000314 seconds.
  path: Assets/TangyTextures Free Materials/Textures/TribalCells/TribalCells_Height.png
  artifactKey: Guid(db5b7e69aeef84c9589654c3de32243a) Importer(815301076,1909f56bfc062723c751e8b465ee728b)
Start importing Assets/TangyTextures Free Materials/Textures/TribalCells/TribalCells_Height.png using Guid(db5b7e69aeef84c9589654c3de32243a) Importer(815301076,1909f56bfc062723c751e8b465ee728b)  -> (artifact id: '5e9ba6f57d19d0ac59bcc16b8daaf5b0') in 0.078338 seconds 
========================================================================
Received Import Request.
  Time since last request: 4454.501290 seconds.
  path: Assets/Materials/MAT_Fire_Aplh.mat
  artifactKey: Guid(84b574f9674a5a2499a1cd7e8b8da5c2) Importer(815301076,1909f56bfc062723c751e8b465ee728b)
Start importing Assets/Materials/MAT_Fire_Aplh.mat using Guid(84b574f9674a5a2499a1cd7e8b8da5c2) Importer(815301076,1909f56bfc062723c751e8b465ee728b)  -> (artifact id: '34c1249c778a28435cd006f28026f906') in 0.148962 seconds 
========================================================================
Received Import Request.
  Time since last request: 8.358079 seconds.
  path: Assets/Materials/MAT_Fire_Alpha.mat
  artifactKey: Guid(84b574f9674a5a2499a1cd7e8b8da5c2) Importer(815301076,1909f56bfc062723c751e8b465ee728b)
Start importing Assets/Materials/MAT_Fire_Alpha.mat using Guid(84b574f9674a5a2499a1cd7e8b8da5c2) Importer(815301076,1909f56bfc062723c751e8b465ee728b)  -> (artifact id: 'b5f017d18ee5dee238edb4713629889c') in 0.010703 seconds 
========================================================================
Received Import Request.
  Time since last request: 17.964444 seconds.
  path: Assets/Materials/MAT_Fire_Alpha 1.mat
  artifactKey: Guid(32d3dacb675337d4cb9a887c7775bdc9) Importer(815301076,1909f56bfc062723c751e8b465ee728b)
Start importing Assets/Materials/MAT_Fire_Alpha 1.mat using Guid(32d3dacb675337d4cb9a887c7775bdc9) Importer(815301076,1909f56bfc062723c751e8b465ee728b)  -> (artifact id: 'fd843edfcc69d74d4b398c1010d1518c') in 0.015341 seconds 
========================================================================
Received Import Request.
  Time since last request: 0.010228 seconds.
  path: Assets/Materials/Wood.mat
  artifactKey: Guid(81daca5698481734f94a01d9643e5036) Importer(815301076,1909f56bfc062723c751e8b465ee728b)
Start importing Assets/Materials/Wood.mat using Guid(81daca5698481734f94a01d9643e5036) Importer(815301076,1909f56bfc062723c751e8b465ee728b)  -> (artifact id: '4da776b50b05c6f2917275d8dcf2f4da') in 0.090202 seconds 
========================================================================
Received Import Request.
  Time since last request: 9.001837 seconds.
  path: Assets/Materials/MAT_Fire_Alpha_Add.mat
  artifactKey: Guid(32d3dacb675337d4cb9a887c7775bdc9) Importer(815301076,1909f56bfc062723c751e8b465ee728b)
Start importing Assets/Materials/MAT_Fire_Alpha_Add.mat using Guid(32d3dacb675337d4cb9a887c7775bdc9) Importer(815301076,1909f56bfc062723c751e8b465ee728b)  -> (artifact id: 'ebf5917035a925886fbbbeb3aef68d5d') in 0.033973 seconds 
========================================================================
Received Import Request.
  Time since last request: 845.008982 seconds.
  path: Assets/Materials/MAT_Fire_Alpha 1.mat
  artifactKey: Guid(ba820e2a351e7f349a6ca7922fdc1d4d) Importer(815301076,1909f56bfc062723c751e8b465ee728b)
Start importing Assets/Materials/MAT_Fire_Alpha 1.mat using Guid(ba820e2a351e7f349a6ca7922fdc1d4d) Importer(815301076,1909f56bfc062723c751e8b465ee728b)  -> (artifact id: 'f5ea25e4224f3a71922c4fa2744722d1') in 0.050194 seconds 
========================================================================
Received Import Request.
  Time since last request: 0.000397 seconds.
  path: Assets/Materials/MAT_Fire_Alpha.mat
  artifactKey: Guid(84b574f9674a5a2499a1cd7e8b8da5c2) Importer(815301076,1909f56bfc062723c751e8b465ee728b)
Start importing Assets/Materials/MAT_Fire_Alpha.mat using Guid(84b574f9674a5a2499a1cd7e8b8da5c2) Importer(815301076,1909f56bfc062723c751e8b465ee728b)  -> (artifact id: '8f2fe6335fa5ecf2d37a318d4838e7ad') in 0.012097 seconds 
========================================================================
Received Import Request.
  Time since last request: 12.034308 seconds.
  path: Assets/Materials/MAT_Fire_Glow.mat
  artifactKey: Guid(ba820e2a351e7f349a6ca7922fdc1d4d) Importer(815301076,1909f56bfc062723c751e8b465ee728b)
Start importing Assets/Materials/MAT_Fire_Glow.mat using Guid(ba820e2a351e7f349a6ca7922fdc1d4d) Importer(815301076,1909f56bfc062723c751e8b465ee728b)  -> (artifact id: 'd9f6b27831318ca2d08a7317ce398dea') in 0.008344 seconds 
========================================================================
Received Import Request.
  Time since last request: 777.298334 seconds.
  path: Assets/Materials/MAT_Smoke.mat
  artifactKey: Guid(3408f3d88c82e904d944b5d37740dd24) Importer(815301076,1909f56bfc062723c751e8b465ee728b)
Start importing Assets/Materials/MAT_Smoke.mat using Guid(3408f3d88c82e904d944b5d37740dd24) Importer(815301076,1909f56bfc062723c751e8b465ee728b)  -> (artifact id: '50d5eac448b73b9f4302640c39b417ad') in 0.031520 seconds 
========================================================================
Received Prepare
Registering precompiled user dll's ...
Registered in 0.002221 seconds.
Begin MonoManager ReloadAssembly
Native extension for WindowsStandalone target not found
Native extension for WebGL target not found
Refreshing native plugins compatible for Editor in 0.33 ms, found 2 plugins.
Preloading 0 native plugins for Editor in 0.00 ms.
Mono: successfully reloaded assembly
- Completed reload, in  1.747 seconds
Domain Reload Profiling:
	ReloadAssembly (1757ms)
		BeginReloadAssembly (477ms)
			ExecutionOrderSort (1ms)
			DisableScriptedObjects (45ms)
			BackupInstance (0ms)
			ReleaseScriptingObjects (0ms)
			CreateAndSetChildDomain (189ms)
		EndReloadAssembly (1205ms)
			LoadAssemblies (633ms)
			RebuildTransferFunctionScriptingTraits (0ms)
			SetupTypeCache (263ms)
			ReleaseScriptCaches (1ms)
			RebuildScriptCaches (36ms)
			SetupLoadedEditorAssemblies (283ms)
				LogAssemblyErrors (0ms)
				InitializePlatformSupportModulesInManaged (7ms)
				SetLoadedEditorAssemblies (2ms)
				RefreshPlugins (0ms)
				BeforeProcessingInitializeOnLoad (41ms)
				ProcessInitializeOnLoadAttributes (223ms)
				ProcessInitializeOnLoadMethodAttributes (7ms)
				AfterProcessingInitializeOnLoad (2ms)
				EditorAssembliesLoaded (0ms)
			ExecutionOrderSort2 (0ms)
			AwakeInstancesAfterBackupRestoration (6ms)
Platform modules already initialized, skipping
Refreshing native plugins compatible for Editor in 0.61 ms, found 2 plugins.
Preloading 0 native plugins for Editor in 0.00 ms.
Unloading 1496 Unused Serialized files (Serialized files now loaded: 0)
System memory in use before: 112.4 MB.
System memory in use after: 112.5 MB.

Unloading 11 unused Assets to reduce memory usage. Loaded Objects now: 2008.
Total: 4.923300 ms (FindLiveObjects: 0.150600 ms CreateObjectMapping: 0.048800 ms MarkObjects: 4.691100 ms  DeleteObjects: 0.030700 ms)

AssetImportParameters requested are different than current active one (requested -> active):
  custom:framework-win-MediaFoundation: 216162199b28c13a410421893ffa2e32 -> 
  custom:video-decoder-ogg-theora: a1e56fd34408186e4bbccfd4996cb3dc -> 
  custom:container-muxer-webm: aa71ff27fc2769a1b78a27578f13a17b -> 
  custom:container-demuxer-webm: 4f35f7cbe854078d1ac9338744f61a02 -> 
  custom:container-demuxer-ogg: 62fdf1f143b41e24485cea50d1cbac27 -> 
  custom:video-encoder-webm-vp8: eb34c28f22e8b96e1ab97ce403110664 -> 
  custom:video-decoder-webm-vp8: 9c59270c3fd7afecdb556c50c9e8de78 -> 
  custom:audio-decoder-ogg-vorbis: bf7c407c2cedff20999df2af8eb42d56 -> 
  custom:audio-encoder-webm-vorbis: bf7c407c2cedff20999df2af8eb42d56 -> 
========================================================================
Received Import Request.
  Time since last request: 791.091683 seconds.
  path: Assets/Materials/MAT_Smoke.mat
  artifactKey: Guid(3408f3d88c82e904d944b5d37740dd24) Importer(815301076,1909f56bfc062723c751e8b465ee728b)
Start importing Assets/Materials/MAT_Smoke.mat using Guid(3408f3d88c82e904d944b5d37740dd24) Importer(815301076,1909f56bfc062723c751e8b465ee728b)  -> (artifact id: 'eb7249ced9e8e5883a1d89da0b87dc3d') in 0.174029 seconds 
========================================================================
Received Import Request.
  Time since last request: 987.123312 seconds.
  path: Assets/Materials/MAT_Fire_Glow.mat
  artifactKey: Guid(ba820e2a351e7f349a6ca7922fdc1d4d) Importer(815301076,1909f56bfc062723c751e8b465ee728b)
Start importing Assets/Materials/MAT_Fire_Glow.mat using Guid(ba820e2a351e7f349a6ca7922fdc1d4d) Importer(815301076,1909f56bfc062723c751e8b465ee728b)  -> (artifact id: '6f7d439a23c71c2df3f918baecf3465a') in 0.103142 seconds 
AssetImportWorkerClient::OnTransportError - code=2 error=End of file
